<?xml version="1.0" encoding="UTF-8"?>
<robot generator="Robot 7.2.2 (Python 3.12.3 on darwin)" generated="2025-04-30T10:51:44.125750" rpa="false" schemaversion="5">
<suite id="s1" name="Tests" source="/Users/miguelmendoza/Documents/Tec/6th/callsight/tests">
<suite id="s1-s1" name="Src" source="/Users/miguelmendoza/Documents/Tec/6th/callsight/tests/src">
<suite id="s1-s1-s1" name="Tests" source="/Users/miguelmendoza/Documents/Tec/6th/callsight/tests/src/tests">
<suite id="s1-s1-s1-s1" name="Super" source="/Users/miguelmendoza/Documents/Tec/6th/callsight/tests/src/tests/super.robot">
<test id="s1-s1-s1-s1-t1" name="crear un nuevo cliente" line="8">
<kw name="Log" owner="BuiltIn">
<msg time="2025-04-30T10:51:44.142561" level="INFO">Inicia la prueba</msg>
<arg>Inicia la prueba</arg>
<doc>Logs the given message with the given level.</doc>
<status status="PASS" start="2025-04-30T10:51:44.142500" elapsed="0.000089"/>
</kw>
<kw name="New Browser">
<msg time="2025-04-30T10:51:44.142959" level="FAIL">No keyword with name 'New Browser' found.</msg>
<arg>chromium</arg>
<arg>headless=True</arg>
<status status="FAIL" start="2025-04-30T10:51:44.142944" elapsed="0.000033">No keyword with name 'New Browser' found.</status>
</kw>
<kw name="New Context">
<arg>viewport={'width': 1280, 'height': 720}</arg>
<status status="NOT RUN" start="2025-04-30T10:51:44.143038" elapsed="0.000008"/>
</kw>
<kw name="New Page">
<arg>https://automationplayground.com/crm/</arg>
<status status="NOT RUN" start="2025-04-30T10:51:44.143086" elapsed="0.000006"/>
</kw>
<kw name="Sleep" owner="BuiltIn">
<arg>3s</arg>
<doc>Pauses the test executed for the given time.</doc>
<status status="NOT RUN" start="2025-04-30T10:51:44.143131" elapsed="0.000008"/>
</kw>
<kw name="Close Browser">
<status status="NOT RUN" start="2025-04-30T10:51:44.143175" elapsed="0.000006"/>
</kw>
<doc>Aqui va info de la prueba en particular. Hecho por FER MONROY</doc>
<tag>cp1 integration clientes</tag>
<status status="FAIL" start="2025-04-30T10:51:44.142180" elapsed="0.001060">No keyword with name 'New Browser' found.</status>
</test>
<doc>Este script tiene las pruebas del home page</doc>
<status status="FAIL" start="2025-04-30T10:51:44.141401" elapsed="0.001981"/>
</suite>
<suite id="s1-s1-s1-s2" name="Tc01 Login" source="/Users/miguelmendoza/Documents/Tec/6th/callsight/tests/src/tests/tc01_login.robot">
<test id="s1-s1-s1-s2-t1" name="CP01 Login Successful" line="7">
<kw name="Reach Login" owner="keywords">
<kw name="New Browser">
<msg time="2025-04-30T10:51:44.145544" level="FAIL">No keyword with name 'New Browser' found.</msg>
<arg>chromium</arg>
<arg>headless=False</arg>
<status status="FAIL" start="2025-04-30T10:51:44.145525" elapsed="0.000043">No keyword with name 'New Browser' found.</status>
</kw>
<kw name="New Context">
<arg>viewport={'width': 1280, 'height': 720}</arg>
<status status="NOT RUN" start="2025-04-30T10:51:44.145620" elapsed="0.000008"/>
</kw>
<kw name="New Page">
<arg>https://callsight.vercel.app/login</arg>
<status status="NOT RUN" start="2025-04-30T10:51:44.145669" elapsed="0.000009"/>
</kw>
<kw name="Wait For Elements State">
<arg>css=input#email</arg>
<arg>visible</arg>
<arg>timeout=10s</arg>
<status status="NOT RUN" start="2025-04-30T10:51:44.145723" elapsed="0.000006"/>
</kw>
<status status="FAIL" start="2025-04-30T10:51:44.145117" elapsed="0.000663">No keyword with name 'New Browser' found.</status>
</kw>
<kw name="Login User" owner="keywords">
<arg>a00836245@tec.mx</arg>
<arg>pass1234</arg>
<status status="NOT RUN" start="2025-04-30T10:51:44.145856" elapsed="0.000009"/>
</kw>
<kw name="Wait For Elements State">
<arg>"Logout"</arg>
<arg>visible</arg>
<arg>timeout=10s</arg>
<status status="NOT RUN" start="2025-04-30T10:51:44.145907" elapsed="0.000121"/>
</kw>
<kw name="Close Browser">
<status status="NOT RUN" start="2025-04-30T10:51:44.146082" elapsed="0.000015"/>
</kw>
<status status="FAIL" start="2025-04-30T10:51:44.144873" elapsed="0.001305">No keyword with name 'New Browser' found.</status>
</test>
<test id="s1-s1-s1-s2-t2" name="CP02 Incorrect Password" line="13">
<kw name="Reach Login" owner="keywords">
<kw name="New Browser">
<msg time="2025-04-30T10:51:44.146825" level="FAIL">No keyword with name 'New Browser' found.</msg>
<arg>chromium</arg>
<arg>headless=False</arg>
<status status="FAIL" start="2025-04-30T10:51:44.146812" elapsed="0.000029">No keyword with name 'New Browser' found.</status>
</kw>
<kw name="New Context">
<arg>viewport={'width': 1280, 'height': 720}</arg>
<status status="NOT RUN" start="2025-04-30T10:51:44.146911" elapsed="0.000007"/>
</kw>
<kw name="New Page">
<arg>https://callsight.vercel.app/login</arg>
<status status="NOT RUN" start="2025-04-30T10:51:44.146947" elapsed="0.000006"/>
</kw>
<kw name="Wait For Elements State">
<arg>css=input#email</arg>
<arg>visible</arg>
<arg>timeout=10s</arg>
<status status="NOT RUN" start="2025-04-30T10:51:44.146978" elapsed="0.000014"/>
</kw>
<status status="FAIL" start="2025-04-30T10:51:44.146387" elapsed="0.000650">No keyword with name 'New Browser' found.</status>
</kw>
<kw name="Login User" owner="keywords">
<arg>a00836245@tec.mx</arg>
<arg>pass</arg>
<status status="NOT RUN" start="2025-04-30T10:51:44.147099" elapsed="0.000008"/>
</kw>
<kw name="Click">
<arg>"Log In"</arg>
<status status="NOT RUN" start="2025-04-30T10:51:44.147148" elapsed="0.000006"/>
</kw>
<kw name="Wait For Elements State">
<arg>"Invalid credentials: Invalid login credentials"</arg>
<arg>visible</arg>
<arg>timeout=10s</arg>
<status status="NOT RUN" start="2025-04-30T10:51:44.147196" elapsed="0.000006"/>
</kw>
<kw name="Close Browser">
<status status="NOT RUN" start="2025-04-30T10:51:44.147240" elapsed="0.000006"/>
</kw>
<status status="FAIL" start="2025-04-30T10:51:44.146259" elapsed="0.001037">No keyword with name 'New Browser' found.</status>
</test>
<doc>Prueba de Login</doc>
<status status="FAIL" start="2025-04-30T10:51:44.143551" elapsed="0.003841"/>
</suite>
<suite id="s1-s1-s1-s3" name="Tc02 Miperfil" source="/Users/miguelmendoza/Documents/Tec/6th/callsight/tests/src/tests/tc02_miperfil.robot">
<test id="s1-s1-s1-s3-t1" name="CP03 Buscar Successful" line="7">
<kw name="Reach Login" owner="keywords">
<kw name="New Browser">
<msg time="2025-04-30T10:51:44.148937" level="FAIL">No keyword with name 'New Browser' found.</msg>
<arg>chromium</arg>
<arg>headless=False</arg>
<status status="FAIL" start="2025-04-30T10:51:44.148927" elapsed="0.000023">No keyword with name 'New Browser' found.</status>
</kw>
<kw name="New Context">
<arg>viewport={'width': 1280, 'height': 720}</arg>
<status status="NOT RUN" start="2025-04-30T10:51:44.148986" elapsed="0.000006"/>
</kw>
<kw name="New Page">
<arg>https://callsight.vercel.app/login</arg>
<status status="NOT RUN" start="2025-04-30T10:51:44.149018" elapsed="0.000005"/>
</kw>
<kw name="Wait For Elements State">
<arg>css=input#email</arg>
<arg>visible</arg>
<arg>timeout=10s</arg>
<status status="NOT RUN" start="2025-04-30T10:51:44.149046" elapsed="0.000004"/>
</kw>
<status status="FAIL" start="2025-04-30T10:51:44.148579" elapsed="0.000502">No keyword with name 'New Browser' found.</status>
</kw>
<kw name="Login User" owner="keywords">
<arg>a00836245@tec.mx</arg>
<arg>pass1234</arg>
<status status="NOT RUN" start="2025-04-30T10:51:44.149145" elapsed="0.000008"/>
</kw>
<kw name="Wait For Elements State">
<arg>"Logout"</arg>
<arg>visible</arg>
<arg>timeout=10s</arg>
<status status="NOT RUN" start="2025-04-30T10:51:44.149191" elapsed="0.000006"/>
</kw>
<kw name="Wait For Elements State">
<arg>"Mi perfil"</arg>
<arg>visible</arg>
<arg>timeout=10s</arg>
<status status="NOT RUN" start="2025-04-30T10:51:44.149232" elapsed="0.000005"/>
</kw>
<kw name="Click">
<arg>"Mi perfil"</arg>
<status status="NOT RUN" start="2025-04-30T10:51:44.149272" elapsed="0.000005"/>
</kw>
<kw name="Wait For Elements State">
<arg>"Añadir cliente"</arg>
<arg>visible</arg>
<arg>timeout=10s</arg>
<status status="NOT RUN" start="2025-04-30T10:51:44.149307" elapsed="0.000005"/>
</kw>
<kw name="Fill Text">
<arg>css=div.MuiAutocomplete-root input</arg>
<arg>BBV</arg>
<status status="NOT RUN" start="2025-04-30T10:51:44.149343" elapsed="0.000005"/>
</kw>
<kw name="Click">
<arg>css=div.MuiPopper-root</arg>
<status status="NOT RUN" start="2025-04-30T10:51:44.149415" elapsed="0.000005"/>
</kw>
<kw name="Scroll To">
<arg>${None}</arg>
<arg>bottom</arg>
<arg>right</arg>
<status status="NOT RUN" start="2025-04-30T10:51:44.149451" elapsed="0.000005"/>
</kw>
<kw name="Wait For Elements State">
<arg>"1–1 of 1"</arg>
<arg>visible</arg>
<arg>timeout=10s</arg>
<status status="NOT RUN" start="2025-04-30T10:51:44.149498" elapsed="0.000005"/>
</kw>
<kw name="Close Browser">
<status status="NOT RUN" start="2025-04-30T10:51:44.149536" elapsed="0.000005"/>
</kw>
<status status="FAIL" start="2025-04-30T10:51:44.148457" elapsed="0.001128">No keyword with name 'New Browser' found.</status>
</test>
<test id="s1-s1-s1-s3-t2" name="CP04 Buscar Not Found" line="20">
<kw name="Reach Login" owner="keywords">
<kw name="New Browser">
<msg time="2025-04-30T10:51:44.150188" level="FAIL">No keyword with name 'New Browser' found.</msg>
<arg>chromium</arg>
<arg>headless=False</arg>
<status status="FAIL" start="2025-04-30T10:51:44.150179" elapsed="0.000021">No keyword with name 'New Browser' found.</status>
</kw>
<kw name="New Context">
<arg>viewport={'width': 1280, 'height': 720}</arg>
<status status="NOT RUN" start="2025-04-30T10:51:44.150232" elapsed="0.000006"/>
</kw>
<kw name="New Page">
<arg>https://callsight.vercel.app/login</arg>
<status status="NOT RUN" start="2025-04-30T10:51:44.150263" elapsed="0.000005"/>
</kw>
<kw name="Wait For Elements State">
<arg>css=input#email</arg>
<arg>visible</arg>
<arg>timeout=10s</arg>
<status status="NOT RUN" start="2025-04-30T10:51:44.150291" elapsed="0.000005"/>
</kw>
<status status="FAIL" start="2025-04-30T10:51:44.149746" elapsed="0.000578">No keyword with name 'New Browser' found.</status>
</kw>
<kw name="Login User" owner="keywords">
<arg>a00836245@tec.mx</arg>
<arg>pass1234</arg>
<status status="NOT RUN" start="2025-04-30T10:51:44.150384" elapsed="0.000008"/>
</kw>
<kw name="Wait For Elements State">
<arg>"Logout"</arg>
<arg>visible</arg>
<arg>timeout=10s</arg>
<status status="NOT RUN" start="2025-04-30T10:51:44.150437" elapsed="0.000053"/>
</kw>
<kw name="Wait For Elements State">
<arg>"Mi perfil"</arg>
<arg>visible</arg>
<arg>timeout=10s</arg>
<status status="NOT RUN" start="2025-04-30T10:51:44.150528" elapsed="0.000005"/>
</kw>
<kw name="Click">
<arg>"Mi perfil"</arg>
<status status="NOT RUN" start="2025-04-30T10:51:44.150564" elapsed="0.000005"/>
</kw>
<kw name="Wait For Elements State">
<arg>"Añadir cliente"</arg>
<arg>visible</arg>
<arg>timeout=10s</arg>
<status status="NOT RUN" start="2025-04-30T10:51:44.150597" elapsed="0.000005"/>
</kw>
<kw name="Fill Text">
<arg>css=div.MuiAutocomplete-root input</arg>
<arg>asdf</arg>
<status status="NOT RUN" start="2025-04-30T10:51:44.150633" elapsed="0.000005"/>
</kw>
<kw name="Click">
<arg>css=div.MuiPopper-root</arg>
<status status="NOT RUN" start="2025-04-30T10:51:44.150683" elapsed="0.000007"/>
</kw>
<kw name="Wait For Elements State">
<arg>"No options"</arg>
<arg>visible</arg>
<arg>timeout=10s</arg>
<status status="NOT RUN" start="2025-04-30T10:51:44.150726" elapsed="0.000005"/>
</kw>
<kw name="Close Browser">
<status status="NOT RUN" start="2025-04-30T10:51:44.150862" elapsed="0.000007"/>
</kw>
<status status="FAIL" start="2025-04-30T10:51:44.149645" elapsed="0.001272">No keyword with name 'New Browser' found.</status>
</test>
<doc>Prueba de Login</doc>
<status status="FAIL" start="2025-04-30T10:51:44.147555" elapsed="0.003446"/>
</suite>
<suite id="s1-s1-s1-s4" name="Tc03 Dashboard" source="/Users/miguelmendoza/Documents/Tec/6th/callsight/tests/src/tests/tc03_dashboard.robot">
<test id="s1-s1-s1-s4-t1" name="CP05 Dashboard Successful" line="7">
<kw name="Reach Login" owner="keywords">
<kw name="New Browser">
<msg time="2025-04-30T10:51:44.152383" level="FAIL">No keyword with name 'New Browser' found.</msg>
<arg>chromium</arg>
<arg>headless=False</arg>
<status status="FAIL" start="2025-04-30T10:51:44.152374" elapsed="0.000022">No keyword with name 'New Browser' found.</status>
</kw>
<kw name="New Context">
<arg>viewport={'width': 1280, 'height': 720}</arg>
<status status="NOT RUN" start="2025-04-30T10:51:44.152431" elapsed="0.000006"/>
</kw>
<kw name="New Page">
<arg>https://callsight.vercel.app/login</arg>
<status status="NOT RUN" start="2025-04-30T10:51:44.152462" elapsed="0.000005"/>
</kw>
<kw name="Wait For Elements State">
<arg>css=input#email</arg>
<arg>visible</arg>
<arg>timeout=10s</arg>
<status status="NOT RUN" start="2025-04-30T10:51:44.152490" elapsed="0.000004"/>
</kw>
<status status="FAIL" start="2025-04-30T10:51:44.152048" elapsed="0.000474">No keyword with name 'New Browser' found.</status>
</kw>
<kw name="Login User" owner="keywords">
<arg>cavazosvregina@gmail.com</arg>
<arg>123456</arg>
<status status="NOT RUN" start="2025-04-30T10:51:44.152584" elapsed="0.000009"/>
</kw>
<kw name="Wait For Elements State">
<arg>"Logout"</arg>
<arg>visible</arg>
<arg>timeout=10s</arg>
<status status="NOT RUN" start="2025-04-30T10:51:44.152630" elapsed="0.000006"/>
</kw>
<kw name="Wait For Elements State">
<arg>"Mi perfil"</arg>
<arg>visible</arg>
<arg>timeout=10s</arg>
<status status="NOT RUN" start="2025-04-30T10:51:44.152669" elapsed="0.000006"/>
</kw>
<kw name="Click">
<arg>"Análisis de llamadas"</arg>
<status status="NOT RUN" start="2025-04-30T10:51:44.152708" elapsed="0.000005"/>
</kw>
<kw name="Wait For Elements State">
<arg>"Dashboard"</arg>
<arg>visible</arg>
<arg>timeout=10s</arg>
<status status="NOT RUN" start="2025-04-30T10:51:44.152741" elapsed="0.000005"/>
</kw>
<kw name="Close Browser">
<status status="NOT RUN" start="2025-04-30T10:51:44.152776" elapsed="0.000004"/>
</kw>
<status status="FAIL" start="2025-04-30T10:51:44.151934" elapsed="0.000888">No keyword with name 'New Browser' found.</status>
</test>
<doc>Prueba de Login</doc>
<status status="FAIL" start="2025-04-30T10:51:44.151150" elapsed="0.001750"/>
</suite>
<status status="FAIL" start="2025-04-30T10:51:44.141105" elapsed="0.011968"/>
</suite>
<status status="FAIL" start="2025-04-30T10:51:44.140750" elapsed="0.012484"/>
</suite>
<status status="FAIL" start="2025-04-30T10:51:44.126621" elapsed="0.026754"/>
</suite>
<statistics>
<total>
<stat pass="0" fail="6" skip="0">All Tests</stat>
</total>
<tag>
<stat pass="0" fail="1" skip="0">cp1 integration clientes</stat>
</tag>
<suite>
<stat name="Tests" id="s1" pass="0" fail="6" skip="0">Tests</stat>
<stat name="Src" id="s1-s1" pass="0" fail="6" skip="0">Tests.Src</stat>
<stat name="Tests" id="s1-s1-s1" pass="0" fail="6" skip="0">Tests.Src.Tests</stat>
<stat name="Super" id="s1-s1-s1-s1" pass="0" fail="1" skip="0">Tests.Src.Tests.Super</stat>
<stat name="Tc01 Login" id="s1-s1-s1-s2" pass="0" fail="2" skip="0">Tests.Src.Tests.Tc01 Login</stat>
<stat name="Tc02 Miperfil" id="s1-s1-s1-s3" pass="0" fail="2" skip="0">Tests.Src.Tests.Tc02 Miperfil</stat>
<stat name="Tc03 Dashboard" id="s1-s1-s1-s4" pass="0" fail="1" skip="0">Tests.Src.Tests.Tc03 Dashboard</stat>
</suite>
</statistics>
<errors>
<msg time="2025-04-30T10:51:44.142009" level="ERROR">Error in file '/Users/miguelmendoza/Documents/Tec/6th/callsight/tests/src/tests/super.robot' on line 3: Importing library 'Browser' failed: ModuleNotFoundError: No module named 'Browser'
Traceback (most recent call last):
  None
PYTHONPATH:
  /Users/miguelmendoza/Documents/Tec/6th/callsight
  /Library/Frameworks/Python.framework/Versions/3.12/bin
  /Library/Frameworks/Python.framework/Versions/3.12/lib/python312.zip
  /Library/Frameworks/Python.framework/Versions/3.12/lib/python3.12
  /Library/Frameworks/Python.framework/Versions/3.12/lib/python3.12/lib-dynload
  /Library/Frameworks/Python.framework/Versions/3.12/lib/python3.12/site-packages</msg>
<msg time="2025-04-30T10:51:44.144127" level="ERROR">Error in file '/Users/miguelmendoza/Documents/Tec/6th/callsight/tests/src/tests/tc01_login.robot' on line 3: Importing library 'Browser' failed: ModuleNotFoundError: No module named 'Browser'
Traceback (most recent call last):
  None
PYTHONPATH:
  /Users/miguelmendoza/Documents/Tec/6th/callsight
  /Library/Frameworks/Python.framework/Versions/3.12/bin
  /Library/Frameworks/Python.framework/Versions/3.12/lib/python312.zip
  /Library/Frameworks/Python.framework/Versions/3.12/lib/python3.12
  /Library/Frameworks/Python.framework/Versions/3.12/lib/python3.12/lib-dynload
  /Library/Frameworks/Python.framework/Versions/3.12/lib/python3.12/site-packages</msg>
<msg time="2025-04-30T10:51:44.148252" level="ERROR">Error in file '/Users/miguelmendoza/Documents/Tec/6th/callsight/tests/src/tests/tc02_miperfil.robot' on line 3: Importing library 'Browser' failed: ModuleNotFoundError: No module named 'Browser'
Traceback (most recent call last):
  None
PYTHONPATH:
  /Users/miguelmendoza/Documents/Tec/6th/callsight
  /Library/Frameworks/Python.framework/Versions/3.12/bin
  /Library/Frameworks/Python.framework/Versions/3.12/lib/python312.zip
  /Library/Frameworks/Python.framework/Versions/3.12/lib/python3.12
  /Library/Frameworks/Python.framework/Versions/3.12/lib/python3.12/lib-dynload
  /Library/Frameworks/Python.framework/Versions/3.12/lib/python3.12/site-packages</msg>
<msg time="2025-04-30T10:51:44.151754" level="ERROR">Error in file '/Users/miguelmendoza/Documents/Tec/6th/callsight/tests/src/tests/tc03_dashboard.robot' on line 3: Importing library 'Browser' failed: ModuleNotFoundError: No module named 'Browser'
Traceback (most recent call last):
  None
PYTHONPATH:
  /Users/miguelmendoza/Documents/Tec/6th/callsight
  /Library/Frameworks/Python.framework/Versions/3.12/bin
  /Library/Frameworks/Python.framework/Versions/3.12/lib/python312.zip
  /Library/Frameworks/Python.framework/Versions/3.12/lib/python3.12
  /Library/Frameworks/Python.framework/Versions/3.12/lib/python3.12/lib-dynload
  /Library/Frameworks/Python.framework/Versions/3.12/lib/python3.12/site-packages</msg>
</errors>
</robot>
